2025-01-28 22:47:53,954 INFO: ÁÄÌìÊÒÆô¶¯ [in D:\cursorproject\pythonproject\chatroom\main.py:28]
2025-01-28 22:47:53,960 INFO: Database initialized successfully [in D:\cursorproject\pythonproject\chatroom\main.py:76]
2025-01-28 22:47:55,232 INFO: ÁÄÌìÊÒÆô¶¯ [in D:\cursorproject\pythonproject\chatroom\main.py:28]
2025-01-28 22:47:55,235 INFO: Database initialized successfully [in D:\cursorproject\pythonproject\chatroom\main.py:76]
2025-01-28 22:48:26,568 ERROR: Page not found: http://127.0.0.1:5000/favicon.ico [in D:\cursorproject\pythonproject\chatroom\main.py:52]
2025-01-28 22:48:31,925 INFO: Message sent by ÔÂÏÂ¶À×Ã: ÎÒàÏ¸ö¶¹... [in D:\cursorproject\pythonproject\chatroom\main.py:152]
2025-01-28 22:48:45,432 INFO: Message sent by ÔÂÏÂ¶À×Ã: ÄãºÃ... [in D:\cursorproject\pythonproject\chatroom\main.py:152]
2025-01-28 22:48:57,223 INFO: Message sent by ÔÂÏÂ¶À×Ã: ÄãÄÜ½øÁÄÌìÊÒÂğ... [in D:\cursorproject\pythonproject\chatroom\main.py:152]
2025-01-28 22:49:06,135 INFO: Message sent by ÔÂÏÂ¶À×Ã: ÒªÄÚÍø´©Í¸àŞ... [in D:\cursorproject\pythonproject\chatroom\main.py:152]
2025-01-28 22:49:13,532 INFO: Message sent by ÔÂÏÂ¶À×Ã: ÄÇ... [in D:\cursorproject\pythonproject\chatroom\main.py:152]
2025-01-28 22:49:20,326 INFO: Message sent by ÔÂÏÂ¶À×Ã: Ë³±ãÅªÒ»¸öÄÚÍø´©Í¸°È... [in D:\cursorproject\pythonproject\chatroom\main.py:152]
2025-01-28 22:49:31,765 INFO: Message sent by ÔÂÏÂ¶À×Ã: Ò®... [in D:\cursorproject\pythonproject\chatroom\main.py:152]
2025-01-28 22:49:37,737 INFO: Message sent by ÔÂÏÂ¶À×Ã: ÎÒÊÔÊÔmarkdownÓï·¨... [in D:\cursorproject\pythonproject\chatroom\main.py:152]
2025-01-28 22:49:40,851 INFO: Message sent by ÔÂÏÂ¶À×Ã: # ÄãºÃ... [in D:\cursorproject\pythonproject\chatroom\main.py:152]
2025-01-28 22:49:44,614 INFO: Message sent by ÔÂÏÂ¶À×Ã: ## ÄãºÃ... [in D:\cursorproject\pythonproject\chatroom\main.py:152]
2025-01-28 22:49:47,126 INFO: Message sent by ÔÂÏÂ¶À×Ã: ### ÄãºÃ... [in D:\cursorproject\pythonproject\chatroom\main.py:152]
2025-01-28 22:49:52,355 INFO: Message sent by ÔÂÏÂ¶À×Ã: °¡Õâ... [in D:\cursorproject\pythonproject\chatroom\main.py:152]
2025-01-28 22:49:56,482 INFO: Message sent by ÔÂÏÂ¶À×Ã: ---... [in D:\cursorproject\pythonproject\chatroom\main.py:152]
2025-01-28 22:50:02,135 INFO: Message sent by ÔÂÏÂ¶À×Ã: ÄãºÃ... [in D:\cursorproject\pythonproject\chatroom\main.py:152]
2025-01-28 22:50:04,691 INFO: Message sent by ÔÂÏÂ¶À×Ã: ÄãºÃ... [in D:\cursorproject\pythonproject\chatroom\main.py:152]
2025-01-28 22:50:14,316 INFO: Message sent by ÔÂÏÂ¶À×Ã: ±íÇé°ü¡®¡¯... [in D:\cursorproject\pythonproject\chatroom\main.py:152]
2025-01-28 22:50:20,028 INFO: Message sent by ÔÂÏÂ¶À×Ã: - ÄãºÃ... [in D:\cursorproject\pythonproject\chatroom\main.py:152]
2025-01-28 22:50:47,408 INFO: Message sent by ÔÂÏÂ¶À×Ã: win + :... [in D:\cursorproject\pythonproject\chatroom\main.py:152]
2025-01-28 22:53:04,759 INFO: Message sent by ÔÂÏÂ¶À×Ã: # awa... [in D:\cursorproject\pythonproject\chatroom\main.py:152]
2025-01-28 22:53:14,990 INFO: Message sent by ÔÂÏÂ¶À×Ã: [1](1)... [in D:\cursorproject\pythonproject\chatroom\main.py:152]
2025-01-28 22:56:09,288 INFO: èŠå¤©å®¤å¯åŠ¨ [in D:\cursorproject\pythonproject\chatroom\main.py:55]
2025-01-28 22:56:09,290 INFO: Database initialized successfully [in D:\cursorproject\pythonproject\chatroom\main.py:103]
2025-01-28 22:56:10,222 INFO: èŠå¤©å®¤å¯åŠ¨ [in D:\cursorproject\pythonproject\chatroom\main.py:55]
2025-01-28 22:56:10,224 INFO: Database initialized successfully [in D:\cursorproject\pythonproject\chatroom\main.py:103]
2025-01-28 22:56:24,751 INFO: Message sent by ç¿°å¢¨é£˜é¦™: \U0001f437 [in D:\cursorproject\pythonproject\chatroom\main.py:184]
2025-01-28 23:04:43,365 INFO: Message sent by ç¿°å¢¨é£˜é¦™: qwq [in D:\cursorproject\pythonproject\chatroom\main.py:184]
2025-01-28 23:04:57,254 INFO: Message sent by ç¿°å¢¨é£˜é¦™: Hello\U0001f437 [in D:\cursorproject\pythonproject\chatroom\main.py:184]
2025-01-28 23:05:02,062 INFO: Message sent by ç¿°å¢¨é£˜é¦™: # awa [in D:\cursorproject\pythonproject\chatroom\main.py:184]
2025-01-28 23:05:05,618 INFO: Message sent by ç¿°å¢¨é£˜é¦™: #\U0001f437 [in D:\cursorproject\pythonproject\chatroom\main.py:184]
2025-01-28 23:05:10,755 INFO: Message sent by ç¿°å¢¨é£˜é¦™: \\\\1 [in D:\cursorproject\pythonproject\chatroom\main.py:184]
2025-01-28 23:05:13,917 INFO: Message sent by ç¿°å¢¨é£˜é¦™: \\\\1 [in D:\cursorproject\pythonproject\chatroom\main.py:184]
2025-01-28 23:05:18,265 INFO: Message sent by ç¿°å¢¨é£˜é¦™: \\\\1 [in D:\cursorproject\pythonproject\chatroom\main.py:184]
2025-01-28 23:05:27,856 INFO: Message sent by ç¿°å¢¨é£˜é¦™: why \\\\= [in D:\cursorproject\pythonproject\chatroom\main.py:184]
2025-01-28 23:05:36,421 INFO: Message sent by ç¿°å¢¨é£˜é¦™: \u5514 [in D:\cursorproject\pythonproject\chatroom\main.py:184]
2025-01-28 23:05:47,050 INFO: Message sent by ç¿°å¢¨é£˜é¦™: markdown\u8bed\u6cd5\u4f60\u53ef\u4ee5\u53bb\u7... [in D:\cursorproject\pythonproject\chatroom\main.py:184]
2025-01-28 23:05:49,051 INFO: Message sent by ç¿°å¢¨é£˜é¦™: w [in D:\cursorproject\pythonproject\chatroom\main.py:184]
2025-01-28 23:05:50,312 INFO: Message sent by ç¿°å¢¨é£˜é¦™: ewmwm [in D:\cursorproject\pythonproject\chatroom\main.py:184]
2025-01-28 23:07:36,922 INFO: èŠå¤©å®¤å¯åŠ¨ [in D:\cursorproject\pythonproject\chatroom\main.py:59]
2025-01-28 23:07:36,926 INFO: Database initialized successfully [in D:\cursorproject\pythonproject\chatroom\main.py:107]
2025-01-28 23:14:50,220 INFO: èŠå¤©å®¤å¯åŠ¨ [in D:\cursorproject\pythonproject\chatroom\main.py:59]
2025-01-28 23:14:50,225 INFO: Database initialized successfully [in D:\cursorproject\pythonproject\chatroom\main.py:107]
2025-01-28 23:15:06,593 INFO: èŠå¤©å®¤å¯åŠ¨ [in D:\cursorproject\pythonproject\chatroom\main.py:59]
2025-01-28 23:15:06,596 INFO: Database initialized successfully [in D:\cursorproject\pythonproject\chatroom\main.py:107]
2025-01-28 23:15:07,642 INFO: èŠå¤©å®¤å¯åŠ¨ [in D:\cursorproject\pythonproject\chatroom\main.py:59]
2025-01-28 23:15:07,647 INFO: Database initialized successfully [in D:\cursorproject\pythonproject\chatroom\main.py:107]
2025-01-28 23:15:24,859 INFO: Message sent by çº¢è¢–æ·»é¦™: \u55b5\u55b5\u55b5 [in D:\cursorproject\pythonproject\chatroom\main.py:205]
2025-01-28 23:15:30,099 INFO: Message sent by çº¢è¢–æ·»é¦™: ```python [in D:\cursorproject\pythonproject\chatroom\main.py:205]
2025-01-28 23:15:44,173 INFO: Message sent by çº¢è¢–æ·»é¦™: wpuh [in D:\cursorproject\pythonproject\chatroom\main.py:205]
2025-01-28 23:15:47,192 INFO: Message sent by çº¢è¢–æ·»é¦™: \u829c\u6e56 [in D:\cursorproject\pythonproject\chatroom\main.py:205]
2025-01-28 23:15:50,977 INFO: Message sent by çº¢è¢–æ·»é¦™: 11 [in D:\cursorproject\pythonproject\chatroom\main.py:205]
2025-01-28 23:15:59,169 INFO: Message sent by çº¢è¢–æ·»é¦™: \u7535\u8111\u597d\u70eb [in D:\cursorproject\pythonproject\chatroom\main.py:205]
2025-01-28 23:16:01,705 INFO: Message sent by çº¢è¢–æ·»é¦™: \u5514 [in D:\cursorproject\pythonproject\chatroom\main.py:205]
2025-01-28 23:16:18,560 INFO: Message sent by çº¢è¢–æ·»é¦™: as\u5728\u914d\u7f6e\u9879\u76ee [in D:\cursorproject\pythonproject\chatroom\main.py:205]
2025-01-28 23:17:29,483 INFO: Message sent by çº¢è¢–æ·»é¦™: \u53ef\u80fd\u662f\u6211\u653e\u5728\u5e8a\u4e0... [in D:\cursorproject\pythonproject\chatroom\main.py:205]
2025-01-28 23:17:32,292 INFO: Message sent by çº¢è¢–æ·»é¦™: \u597d\u53ed [in D:\cursorproject\pythonproject\chatroom\main.py:205]
2025-01-28 23:19:10,596 INFO: Message sent by çº¢è¢–æ·»é¦™: \u5514 [in D:\cursorproject\pythonproject\chatroom\main.py:205]
2025-01-28 23:19:21,034 INFO: Message sent by çº¢è¢–æ·»é¦™: \u5982\u679c\u4f60\u6709\u670d\u52a1\u5668\u768... [in D:\cursorproject\pythonproject\chatroom\main.py:205]
2025-01-28 23:19:29,689 INFO: Message sent by çº¢è¢–æ·»é¦™: \u5c31\u4e00\u53f0 [in D:\cursorproject\pythonproject\chatroom\main.py:205]
2025-01-28 23:19:35,658 INFO: Message sent by çº¢è¢–æ·»é¦™: \u529e\u516c\u672cemm [in D:\cursorproject\pythonproject\chatroom\main.py:205]
2025-01-28 23:19:49,159 INFO: Message sent by çº¢è¢–æ·»é¦™: \u597d\u634f [in D:\cursorproject\pythonproject\chatroom\main.py:205]
2025-01-28 23:20:12,594 INFO: Message sent by çº¢è¢–æ·»é¦™: \u4f60\u77e5\u9053\u5899\u5417 [in D:\cursorproject\pythonproject\chatroom\main.py:205]
2025-01-28 23:20:19,871 INFO: Message sent by çº¢è¢–æ·»é¦™: \u5c31\u662f\u90a3\u79cd [in D:\cursorproject\pythonproject\chatroom\main.py:205]
2025-01-28 23:20:49,839 INFO: Message sent by çº¢è¢–æ·»é¦™: \u6302\u5728\u6e2f\u6fb3\u53f0\u6216\u8005\u56f... [in D:\cursorproject\pythonproject\chatroom\main.py:205]
2025-01-28 23:20:56,654 INFO: Message sent by çº¢è¢–æ·»é¦™: \u90a3\u79cd\u4e0d\u53eb\u5899\u5662 [in D:\cursorproject\pythonproject\chatroom\main.py:205]
2025-01-28 23:21:04,076 INFO: Message sent by çº¢è¢–æ·»é¦™: \u9ad8\u9632\u5417 [in D:\cursorproject\pythonproject\chatroom\main.py:205]
2025-01-28 23:21:10,726 INFO: Message sent by çº¢è¢–æ·»é¦™: \u670d\u52a1\u5668\u5c31\u662f\u670d\u52a1\u5668 [in D:\cursorproject\pythonproject\chatroom\main.py:205]
2025-01-28 23:21:23,186 INFO: Message sent by çº¢è¢–æ·»é¦™: \u5514 [in D:\cursorproject\pythonproject\chatroom\main.py:205]
2025-01-28 23:21:33,400 INFO: Message sent by çº¢è¢–æ·»é¦™: \u55ef\u55ef [in D:\cursorproject\pythonproject\chatroom\main.py:205]
2025-01-28 23:22:02,521 INFO: Message sent by çº¢è¢–æ·»é¦™: \u5514 \u8fd9\u4e2a\u9879\u76ee\u53ef\u4ee5\u5b... [in D:\cursorproject\pythonproject\chatroom\main.py:205]
2025-01-28 23:22:04,223 INFO: Message sent by çº¢è¢–æ·»é¦™: \u804a\u5929\u5ba4 [in D:\cursorproject\pythonproject\chatroom\main.py:205]
2025-01-28 23:22:09,244 INFO: Message sent by çº¢è¢–æ·»é¦™: \u597d\u8036 [in D:\cursorproject\pythonproject\chatroom\main.py:205]
2025-01-28 23:22:17,846 INFO: Message sent by çº¢è¢–æ·»é¦™: \u5b8c\u7ed3\u6492\u82b1 [in D:\cursorproject\pythonproject\chatroom\main.py:205]
2025-01-28 23:23:04,701 INFO: Message sent by çº¢è¢–æ·»é¦™: \U0001f389\U0001f389\U0001f389 [in D:\cursorproject\pythonproject\chatroom\main.py:205]
2025-01-28 23:23:14,546 INFO: Message sent by æ¸…é£æ˜æœˆ: qwq [in D:\cursorproject\pythonproject\chatroom\main.py:205]
2025-01-28 23:23:47,700 INFO: Message sent by æ¸…é£æ˜æœˆ: \u4f60\u624b\u673a\u70b9\u5f00\u90a3\u4e2a\u94f... [in D:\cursorproject\pythonproject\chatroom\main.py:205]
2025-01-28 23:23:50,503 INFO: Message sent by æ¸…é£æ˜æœˆ: \u7b49\u4e00\u4e0b\u53d1\u9519\u4e86 [in D:\cursorproject\pythonproject\chatroom\main.py:205]
2025-01-28 23:24:44,149 INFO: èŠå¤©å®¤å¯åŠ¨ [in D:\cursorproject\pythonproject\chatroom\main.py:59]
2025-01-28 23:24:44,152 INFO: Database initialized successfully [in D:\cursorproject\pythonproject\chatroom\main.py:107]
2025-01-28 23:24:44,726 INFO: èŠå¤©å®¤å¯åŠ¨ [in D:\cursorproject\pythonproject\chatroom\main.py:59]
2025-01-28 23:24:44,729 INFO: Database initialized successfully [in D:\cursorproject\pythonproject\chatroom\main.py:107]
2025-01-28 23:24:46,936 ERROR: Page not found: http://192.168.0.102:5000/favicon.ico [in D:\cursorproject\pythonproject\chatroom\main.py:83]
2025-01-28 23:24:52,812 INFO: Message sent by ç¢§æ°´é’å±±: \u4f60\u597d\u7f8e\u5973\U0001f642 [in D:\cursorproject\pythonproject\chatroom\main.py:205]
2025-01-28 23:25:03,091 INFO: Message sent by å…°äº­é›…é›†: \u6211\u561e\u4e2a\u8c46 [in D:\cursorproject\pythonproject\chatroom\main.py:205]
2025-01-28 23:25:38,661 INFO: Message sent by å…°äº­é›…é›†: # \u8fd9\u4e2a\u5728\u7ebf\u7528\u6237\u5217\u8... [in D:\cursorproject\pythonproject\chatroom\main.py:205]
2025-01-28 23:26:01,364 INFO: Message sent by è¯—æƒ…ç”»æ„: 2\u7684\u90a3\u4e2a\u662f\u540d\u5b57\u91cd\u59... [in D:\cursorproject\pythonproject\chatroom\main.py:205]
2025-01-28 23:26:05,430 INFO: Message sent by è¯—æƒ…ç”»æ„: \u95ee\u9898\u4e0d\u5927 [in D:\cursorproject\pythonproject\chatroom\main.py:205]
2025-01-28 23:26:08,957 INFO: Message sent by å…°äº­é›…é›†2: \U0001f642 [in D:\cursorproject\pythonproject\chatroom\main.py:205]
2025-01-28 23:26:13,719 INFO: Message sent by å…°äº­é›…é›†2: \U0001f60d [in D:\cursorproject\pythonproject\chatroom\main.py:205]
2025-01-28 23:26:15,120 INFO: Message sent by å…°äº­é›…é›†2: \U0001f60b [in D:\cursorproject\pythonproject\chatroom\main.py:205]
2025-01-28 23:26:20,358 INFO: Message sent by è¯—æƒ…ç”»æ„: # \u2764\ufe0f [in D:\cursorproject\pythonproject\chatroom\main.py:205]
2025-01-28 23:26:27,648 INFO: Message sent by å…°äº­é›…é›†2: \u2764\ufe0f\u2764\ufe0f\u2764\ufe0f [in D:\cursorproject\pythonproject\chatroom\main.py:205]
2025-01-28 23:26:35,772 INFO: Message sent by å…°äº­é›…é›†2: #\u2764\ufe0f [in D:\cursorproject\pythonproject\chatroom\main.py:205]
2025-01-28 23:26:39,561 INFO: Message sent by è¯—æƒ…ç”»æ„: qwq [in D:\cursorproject\pythonproject\chatroom\main.py:205]
2025-01-28 23:26:48,424 INFO: Message sent by å…°äº­é›…é›†2: \u4f46\u662f\u4e0d\u80fd\u53d1\u8bed\u97f3\u8bf6 [in D:\cursorproject\pythonproject\chatroom\main.py:205]
2025-01-28 23:26:57,267 INFO: Message sent by è¯—æƒ…ç”»æ„: \u8bed\u97f3\u592a\u590d\u6742\u4e86 [in D:\cursorproject\pythonproject\chatroom\main.py:205]
2025-01-28 23:27:00,110 INFO: Message sent by å…°äº­é›…é›†2: \u4e5f\u662f [in D:\cursorproject\pythonproject\chatroom\main.py:205]
2025-01-28 23:27:09,567 INFO: Message sent by å…°äº­é›…é›†2: \u4f60\u80fd\u767b\u4e0a\u8fd9\u4e2achatroom\u5417 [in D:\cursorproject\pythonproject\chatroom\main.py:205]
2025-01-28 23:27:29,779 INFO: Message sent by å…°äº­é›…é›†2: hahahaha [in D:\cursorproject\pythonproject\chatroom\main.py:205]
2025-01-28 23:30:33,168 INFO: Message sent by è¯—æƒ…ç”»æ„: \u5514 [in D:\cursorproject\pythonproject\chatroom\main.py:205]
2025-01-28 23:30:34,752 INFO: Message sent by è¯—æƒ…ç”»æ„: \u4e0d\u884c [in D:\cursorproject\pythonproject\chatroom\main.py:205]
2025-01-28 23:30:39,500 INFO: Message sent by è¯—æƒ…ç”»æ„: \u53ea\u80fd\u5185\u7f51\u7a7f\u900f\u624d\u80f... [in D:\cursorproject\pythonproject\chatroom\main.py:205]
2025-01-28 23:30:44,188 INFO: Message sent by è¯—æƒ…ç”»æ„: www [in D:\cursorproject\pythonproject\chatroom\main.py:205]
2025-01-28 23:31:19,919 INFO: Message sent by è¯—æƒ…ç”»æ„: \u8fd9\u4e2a\u4e0d\u662f\u8bf4\u4ee3\u7801\u4e0... [in D:\cursorproject\pythonproject\chatroom\main.py:205]
2025-01-28 23:31:26,820 INFO: Message sent by è¯—æƒ…ç”»æ„: \u4f60\u8981\u5b66\u4e00\u4e0b\u7f51\u7edc\u57f... [in D:\cursorproject\pythonproject\chatroom\main.py:205]
2025-01-28 23:31:27,635 INFO: Message sent by è¯—æƒ…ç”»æ„: qwq [in D:\cursorproject\pythonproject\chatroom\main.py:205]
2025-01-28 23:31:31,666 INFO: Message sent by è¯—æƒ…ç”»æ„: emm [in D:\cursorproject\pythonproject\chatroom\main.py:205]
2025-01-28 23:31:44,018 INFO: Message sent by è¯—æƒ…ç”»æ„: \u6211\u4e0d\u662f\u5199\u4ee3\u7801\u7684 [in D:\cursorproject\pythonproject\chatroom\main.py:205]
2025-01-28 23:31:57,392 INFO: Message sent by è¯—æƒ…ç”»æ„: \u6211\u662f\u641e\u7406\u8bba\u7684emm [in D:\cursorproject\pythonproject\chatroom\main.py:205]
2025-01-28 23:32:00,700 INFO: Message sent by è¯—æƒ…ç”»æ„: \u5514 [in D:\cursorproject\pythonproject\chatroom\main.py:205]
2025-01-28 23:32:15,814 INFO: Message sent by è¯—æƒ…ç”»æ„: \u8981\u60f3\u522b\u4eba\u8fdb\u6765\u53ea\u80f... [in D:\cursorproject\pythonproject\chatroom\main.py:205]
2025-01-28 23:32:25,619 INFO: Message sent by è¯—æƒ…ç”»æ„: \u5728\u540c\u4e00\u4e2awifi\u4e0b\u53ef\u4ee5\... [in D:\cursorproject\pythonproject\chatroom\main.py:205]
2025-01-28 23:32:27,280 INFO: Message sent by è¯—æƒ…ç”»æ„: \u53ef\u4ee5 [in D:\cursorproject\pythonproject\chatroom\main.py:205]
2025-01-28 23:32:34,185 INFO: Message sent by è¯—æƒ…ç”»æ„: \u592a\u597d\u8fa3 [in D:\cursorproject\pythonproject\chatroom\main.py:205]
2025-01-28 23:32:36,174 INFO: Message sent by è¯—æƒ…ç”»æ„: \u6240\u4ee5 [in D:\cursorproject\pythonproject\chatroom\main.py:205]
2025-01-28 23:32:41,206 INFO: Message sent by è¯—æƒ…ç”»æ„: \u4f60\u624b\u673a\u5c31\u80fd\u8fdb\u6765 [in D:\cursorproject\pythonproject\chatroom\main.py:205]
2025-01-28 23:32:50,635 INFO: Message sent by è¯—æƒ…ç”»æ„: miao wa~ [in D:\cursorproject\pythonproject\chatroom\main.py:205]
2025-01-28 23:33:06,275 INFO: Message sent by è¯—æƒ…ç”»æ„: \u4e0b\u9762\u6211\u4eec\u8981\u5e72\u4ec0\u4e4... [in D:\cursorproject\pythonproject\chatroom\main.py:205]
2025-01-28 23:33:15,531 INFO: Message sent by è¯—æƒ…ç”»æ„: \u505a\u4e2a\u5b89\u5353\u5e94\u7528\u7a0b\u5e8... [in D:\cursorproject\pythonproject\chatroom\main.py:205]
2025-01-28 23:33:17,426 INFO: Message sent by è¯—æƒ…ç”»æ„: \u7136\u540e [in D:\cursorproject\pythonproject\chatroom\main.py:205]
2025-01-28 23:33:24,973 INFO: Message sent by è¯—æƒ…ç”»æ„: \u4f60\u624b\u673a\u8981\u7528\u6570\u636e\u7eb... [in D:\cursorproject\pythonproject\chatroom\main.py:205]
2025-01-28 23:33:27,923 INFO: Message sent by è¯—æƒ…ç”»æ„: \u5514 [in D:\cursorproject\pythonproject\chatroom\main.py:205]
2025-01-28 23:33:37,345 INFO: Message sent by è¯—æƒ…ç”»æ„: \u6211\u8bd5\u8bd5 [in D:\cursorproject\pythonproject\chatroom\main.py:205]
2025-01-28 23:33:53,859 INFO: Message sent by è¯—æƒ…ç”»æ„: Android Studio\u9700\u8981\u8fde\u7740\u624b\u6... [in D:\cursorproject\pythonproject\chatroom\main.py:205]
2025-01-28 23:34:10,240 INFO: Message sent by è¯—æƒ…ç”»æ„: \u4e3b\u8981\u662f\u53cctypec\u7684\u5145\u7535... [in D:\cursorproject\pythonproject\chatroom\main.py:205]
2025-01-28 23:34:21,819 INFO: Message sent by è¯—æƒ…ç”»æ„: \u6211\u4e0d\u77e5\u9053\u7535\u8111\u80fd\u4e0... [in D:\cursorproject\pythonproject\chatroom\main.py:205]
2025-01-28 23:34:24,533 INFO: Message sent by è¯—æƒ…ç”»æ„: \u5514 [in D:\cursorproject\pythonproject\chatroom\main.py:205]
2025-01-28 23:34:32,351 INFO: Message sent by è¯—æƒ…ç”»æ„: \u770b\u770b\u7535\u8111\u6709\u6ca1\u6709C\u53e3 [in D:\cursorproject\pythonproject\chatroom\main.py:205]
2025-01-28 23:35:28,440 INFO: Message sent by è¯—æƒ…ç”»æ„: \u592a\u597d\u8fa3 [in D:\cursorproject\pythonproject\chatroom\main.py:205]
2025-01-28 23:35:31,482 INFO: Message sent by è¯—æƒ…ç”»æ„: yep [in D:\cursorproject\pythonproject\chatroom\main.py:205]
2025-01-28 23:41:19,267 INFO: Message sent by è¯—æƒ…ç”»æ„: \u53ef\u4ee5\u8fa3 [in D:\cursorproject\pythonproject\chatroom\main.py:205]
2025-01-28 23:41:33,553 INFO: Message sent by è¯—æƒ…ç”»æ„: #\u53ef\u4ee5\u8fa3 [in D:\cursorproject\pythonproject\chatroom\main.py:205]
2025-01-28 23:45:00,108 INFO: Message sent by è¯—æƒ…ç”»æ„: \u4ec0\u4e48\u634f [in D:\cursorproject\pythonproject\chatroom\main.py:205]
2025-01-28 23:45:06,899 INFO: Message sent by è¯—æƒ…ç”»æ„: \u8c03\u8bd5\u624b\u673a [in D:\cursorproject\pythonproject\chatroom\main.py:205]
2025-01-28 23:45:13,834 INFO: Message sent by è¯—æƒ…ç”»æ„: \u624b\u673a\u5c31\u6ca1\u6cd5\u6253\u5b57\u4e8... [in D:\cursorproject\pythonproject\chatroom\main.py:205]
2025-01-28 23:45:23,698 INFO: Message sent by è¯—æƒ…ç”»æ„: \u5514 [in D:\cursorproject\pythonproject\chatroom\main.py:205]
2025-01-28 23:45:30,598 INFO: Message sent by è¯—æƒ…ç”»æ„: \u597d\u634f [in D:\cursorproject\pythonproject\chatroom\main.py:205]
2025-01-28 23:45:31,939 INFO: Message sent by è¯—æƒ…ç”»æ„: qwq [in D:\cursorproject\pythonproject\chatroom\main.py:205]
2025-01-28 23:45:54,721 INFO: Message sent by è¯—æƒ…ç”»æ„: \u8981\u4e0d\u6211\u4eec\u53bb\u770b\u770bgithub [in D:\cursorproject\pythonproject\chatroom\main.py:205]
2025-01-28 23:46:10,742 INFO: Message sent by è¯—æƒ…ç”»æ„: \u6211\u8fd8\u4e0d\u8ba4\u8bc6\u754c\u9762\u768... [in D:\cursorproject\pythonproject\chatroom\main.py:205]
2025-01-28 23:46:32,472 INFO: Message sent by è¯—æƒ…ç”»æ„: \u5514 [in D:\cursorproject\pythonproject\chatroom\main.py:205]
2025-01-28 23:46:36,548 INFO: Message sent by è¯—æƒ…ç”»æ„: qwq [in D:\cursorproject\pythonproject\chatroom\main.py:205]
